Running for 380.0 seconds (380 samples at 1.0 second intervals).
Power measurements will start in 0 seconds time.

  Time    User  Nice   Sys  Idle    IO  Run Ctxt/s  IRQ/s Fork Exec Exit  Watts
20:04:25  13.7   0.0  11.7  74.6   0.1    5 130132  11203  102   37  103  68.55 
20:04:26  29.6   0.0   5.6  64.7   0.0   20  55013  19077   89   37   74  93.06 
20:04:27  33.2   0.0   5.9  61.0   0.0   23  26546 259127   72   35   71 109.42 
20:04:28  38.2   0.0   7.1  54.7   0.0   19  24907 211563   70   36   70 116.95 
20:04:29  39.2   0.0   9.4  51.4   0.0    6  29708 211470   70   35   70 126.49 
20:04:30  41.7   0.0   3.9  54.3   0.0    4  29530  17895   72   36   72 131.11 
20:04:31  35.7   0.0   5.1  59.1   0.0   19  20978  13242   72   36   74 129.52 
20:04:32  39.4   0.0   5.3  55.3   0.0   21  20579  13914   72   36   70 132.96 
20:04:33  43.1   0.0   4.4  52.5   0.0   20  16356  16007   72   36   72 129.20 
20:04:34  46.8   0.0   5.5  47.7   0.0   19  36952  21781   72   36   72 132.03 
20:04:35  18.2   0.0   4.8  77.0   0.0   22  39294  21431  153   39  153  79.13 
20:04:36  50.8   0.0   4.9  44.3   0.0   21  27827  30042  363   32  363 110.41 
20:04:37  51.5   0.0   4.6  43.9   0.0   21  23642  23955  376   33  378 110.46 
20:04:38  49.1   0.0   5.5  45.4   0.0   19  23977 119300  396   34  394 111.82 
20:04:39  51.2   0.0   5.0  43.8   0.0   20  32806  33345  555   31  556 114.96 
20:04:40  49.8   0.0   4.8  45.5   0.0   21  27555  28537  554   32  553 113.86 
20:04:41  52.3   0.0   4.6  43.1   0.0   19  26049  30860  651   33  652 114.32 
20:04:42  52.2   0.0   4.6  43.2   0.0    7  15546  27438  661   33  661 113.69 
20:04:43  58.8   0.0   5.8  35.3   0.0   19  87037  38211  791   33  791 115.99 
20:04:44  51.8   0.0   4.9  43.3   0.0   21  29518  37441  995   34  996 125.45 
20:04:45  50.3   0.0   4.8  44.9   0.0   20  41102  62795 1225   35 1224 123.03 
20:04:46  50.8   0.0   5.5  43.7   0.0   20  32642  49006 1431   34 1431 124.06 
20:04:47  49.6   0.0   5.6  44.8   0.0   19  39783  60190 1976   35 1976 119.98 
  Time    User  Nice   Sys  Idle    IO  Run Ctxt/s  IRQ/s Fork Exec Exit  Watts
20:04:48  46.7   0.0   5.7  47.6   0.0   20  47305  75843 2668   36 2669 115.87 
20:04:49  44.0   0.0   6.8  49.2   0.0   21  58975  99792 3833   38 3837 110.77 
20:04:50  42.6   0.0   6.3  51.1   0.0   14  57577  99238 4246   37 4245  91.24 
20:04:51  40.0   0.0   7.1  52.9   0.0    9  38743  81344 4236   36 4233  82.20 
20:04:52  38.8   0.0   5.2  56.0   0.0    4  43704  53353  360   35  360  78.73 
20:04:53  33.2   0.0   5.1  61.7   0.0   21  23154  54381  155   37  155  76.88 
20:04:54  27.4   0.0   4.2  68.3   0.0    5  30559  23714  111   36  111  73.52 
20:04:55  35.1   0.0   4.5  60.4   0.0    4  29154  26043  246   36  246  76.62 
20:04:56  25.5   0.0   4.4  70.0   0.1    4  25014  19774   72   36   72  72.10 
20:04:57  44.5   0.0   4.7  50.8   0.0   19  25273  31243  355   36  355  83.83 
20:04:58  25.5   0.0   4.9  69.6   0.0   20  30129  23142  125   37  126  72.98 
20:04:59  36.8   0.0   5.0  58.2   0.0    5  22451  31414  257   35  256  77.62 
20:05:00  33.8   0.0   5.3  60.9   0.0   20  11472  23363  168   36  168  77.45 
20:05:01  41.9   0.0   4.8  53.3   0.0   20  55959  28705  196   39  197  78.07 
20:05:02  40.0   0.0   4.4  55.6   0.0   20  23367  32572  257   36  257  79.28 
20:05:03  28.2   0.0   4.4  67.4   0.0    4  23357  19797  155   38  154  72.92 
20:05:04  41.6   0.0   4.0  54.4   0.0    5  35108  41650  341   36  341  80.63 
20:05:05  33.4   0.0   4.2  62.4   0.0   19  25204  32771  204   36  204  75.37 
20:05:06  35.0   0.0   4.1  60.9   0.0    5  24873  24667  262   36  264  75.62 
20:05:07  30.6   0.0   4.3  65.1   0.0    5  24410  20533  212   39  210  74.29 
20:05:08  33.1   0.0   4.4  62.5   0.0    5  22732  24221  270   36  270  75.65 
20:05:09  46.1   0.0   5.0  48.9   0.0   20  19410  32271  407   36  407  83.36 
20:05:10  43.6   0.0   5.0  51.4   0.0   20  47075  29380  245   36  244  79.92 
  Time    User  Nice   Sys  Idle    IO  Run Ctxt/s  IRQ/s Fork Exec Exit  Watts
20:05:11  37.1   0.0   4.7  58.2   0.0   19  24181  24290  324   37  325  77.44 
20:05:12  38.7   0.0   4.3  57.0   0.0   20  23708  22302  328   35  327  78.22 
20:05:13  41.2   0.0   4.0  54.8   0.0    7  28329  25563  392   37  392  78.19 
20:05:14  40.4   0.0   4.1  55.4   0.0   19  32309  27361  328   38  328  78.72 
-------- ----- ----- ----- ----- ----- ---- ------ ------ ---- ---- ---- ------ 
 Average  40.0   0.0   5.2  54.7   0.0 15.2 33820.2 47731.1 632.9 35.7 632.6  96.48 
  StdDev   9.2   0.0   1.3   9.1   0.0  7.0 19139.8 51186.4 1004.5  1.7 1004.7  21.52 
-------- ----- ----- ----- ----- ----- ---- ------ ------ ---- ---- ---- ------ 
 Minimum  13.7   0.0   3.9  35.3   0.0  4.0 11472.0 11203.0 70.0 31.0 70.0  68.55 
 Maximum  58.8   0.0  11.7  77.0   0.1 23.0 130132.0 259127.0 4246.0 39.0 4245.0 132.96 
-------- ----- ----- ----- ----- ----- ---- ------ ------ ---- ---- ---- ------ 
Summary:
CPU:  96.48 Watts on average with standard deviation 21.52 
Note: power read from RAPL domains: core, dram, package-0, dram, core, package-1.
These readings do not cover all the hardware in this device.

Histogram (of 50 power measurements)

  Range (Watts)   Count
 68.550 -  74.990     6 ##############
 74.991 -  81.431    17 ########################################
 81.432 -  87.872     3 #######
 87.873 -  94.313     2 ####
 94.314 - 100.753     0 
100.754 - 107.194     0 
107.195 - 113.635     5 ###########
113.636 - 120.076     8 ##################
120.077 - 126.516     4 #########
126.517 - 132.957     5 ###########

Histogram (of 50 CPU utilization measurements)

 Range (%CPU)   Count
22.957 - 27.129     2 #######
27.130 - 31.302     2 #######
31.303 - 35.475     4 ##############
35.476 - 39.647     7 #########################
39.648 - 43.820     4 ##############
43.821 - 47.993    11 ########################################
47.994 - 52.166     6 #####################
52.167 - 56.339     9 ################################
56.340 - 60.512     4 ##############
60.513 - 64.685     1 ###
